(0.563) SELECT CAST(SERVERPROPERTY('ProductVersion') AS varchar); args=None; alias=default
(0.453) SELECT SYSDATETIME(); args=None; alias=default
(0.844) SELECT
                        TABLE_NAME,
                        TABLE_TYPE,
                        CAST(ep.value AS VARCHAR) AS COMMENT
                    FROM INFORMATION_SCHEMA.TABLES i
                    LEFT JOIN sys.tables t ON t.name = i.TABLE_NAME
                    LEFT JOIN sys.extended_properties ep ON t.object_id = ep.major_id
                    AND ((ep.name = 'MS_DESCRIPTION' AND ep.minor_id = 0) OR ep.value IS NULL)
                    WHERE i.TABLE_SCHEMA = SCHEMA_NAME(); args=None; alias=default
(1.078) SELECT [django_migrations].[id], [django_migrations].[app], [django_migrations].[name], [django_migrations].[applied] FROM [django_migrations]; args=(); alias=default
(0.516) SELECT SYSDATETIME(); args=None; alias=default
(0.875) SELECT TOP 21 [django_session].[session_key], [django_session].[session_data], [django_session].[expire_date] FROM [django_session] WHERE ([django_session].[expire_date] > 2024-05-18 21:02:23.075402+00:00 AND [django_session].[session_key] = qxmyfwmskycsqnz8sexh2h502p2iy46l); args=(datetime.datetime(2024, 5, 18, 21, 2, 23, 75402, tzinfo=datetime.timezone.utc), 'qxmyfwmskycsqnz8sexh2h502p2iy46l'); alias=default
(1.875) SELECT TOP 21 [auth_user].[id], [auth_user].[password], [auth_user].[last_login], [auth_user].[is_superuser], [auth_user].[username], [auth_user].[first_name], [auth_user].[last_name], [auth_user].[email], [auth_user].[is_staff], [auth_user].[is_active], [auth_user].[date_joined] FROM [auth_user] WHERE [auth_user].[id] = 1; args=(1,); alias=default
(3.594) SELECT TOP 10 [django_admin_log].[id], [django_admin_log].[action_time], [django_admin_log].[user_id], [django_admin_log].[content_type_id], [django_admin_log].[object_id], [django_admin_log].[object_repr], [django_admin_log].[action_flag], [django_admin_log].[change_message], [auth_user].[id], [auth_user].[password], [auth_user].[last_login], [auth_user].[is_superuser], [auth_user].[username], [auth_user].[first_name], [auth_user].[last_name], [auth_user].[email], [auth_user].[is_staff], [auth_user].[is_active], [auth_user].[date_joined], [django_content_type].[id], [django_content_type].[app_label], [django_content_type].[model] FROM [django_admin_log] INNER JOIN [auth_user] ON ([django_admin_log].[user_id] = [auth_user].[id]) LEFT OUTER JOIN [django_content_type] ON ([django_admin_log].[content_type_id] = [django_content_type].[id]) WHERE [django_admin_log].[user_id] = 1 ORDER BY [django_admin_log].[action_time] DESC; args=(1,); alias=default
(1.063) SELECT TOP 21 [django_session].[session_key], [django_session].[session_data], [django_session].[expire_date] FROM [django_session] WHERE ([django_session].[expire_date] > 2024-05-18 21:03:20.050136+00:00 AND [django_session].[session_key] = qxmyfwmskycsqnz8sexh2h502p2iy46l); args=(datetime.datetime(2024, 5, 18, 21, 3, 20, 50136, tzinfo=datetime.timezone.utc), 'qxmyfwmskycsqnz8sexh2h502p2iy46l'); alias=default
(2.344) SELECT TOP 21 [auth_user].[id], [auth_user].[password], [auth_user].[last_login], [auth_user].[is_superuser], [auth_user].[username], [auth_user].[first_name], [auth_user].[last_name], [auth_user].[email], [auth_user].[is_staff], [auth_user].[is_active], [auth_user].[date_joined] FROM [auth_user] WHERE [auth_user].[id] = 1; args=(1,); alias=default
(0.593) SELECT COUNT_BIG(*) AS [__count] FROM [voters]; args=(); alias=default
(0.547) SELECT COUNT_BIG(*) AS [__count] FROM [voters]; args=(); alias=default
(0.937) SELECT [voters].[Firstname], [voters].[Lastname], [voters].[Other_Name], [voters].[Form], [voters].[Index_Number], [voters].[Token] FROM [voters] ORDER BY [voters].[Index_Number] DESC OFFSET 0 ROWS; args=(); alias=default
(1.015) SELECT TOP 21 [django_session].[session_key], [django_session].[session_data], [django_session].[expire_date] FROM [django_session] WHERE ([django_session].[expire_date] > 2024-05-18 21:03:35.656758+00:00 AND [django_session].[session_key] = qxmyfwmskycsqnz8sexh2h502p2iy46l); args=(datetime.datetime(2024, 5, 18, 21, 3, 35, 656758, tzinfo=datetime.timezone.utc), 'qxmyfwmskycsqnz8sexh2h502p2iy46l'); alias=default
(2.000) SELECT TOP 21 [auth_user].[id], [auth_user].[password], [auth_user].[last_login], [auth_user].[is_superuser], [auth_user].[username], [auth_user].[first_name], [auth_user].[last_name], [auth_user].[email], [auth_user].[is_staff], [auth_user].[is_active], [auth_user].[date_joined] FROM [auth_user] WHERE [auth_user].[id] = 1; args=(1,); alias=default
(0.328) SELECT SYSDATETIME(); args=None; alias=default
(0.953) SELECT TOP 21 [django_session].[session_key], [django_session].[session_data], [django_session].[expire_date] FROM [django_session] WHERE ([django_session].[expire_date] > 2024-05-18 21:04:07.582601+00:00 AND [django_session].[session_key] = qxmyfwmskycsqnz8sexh2h502p2iy46l); args=(datetime.datetime(2024, 5, 18, 21, 4, 7, 582601, tzinfo=datetime.timezone.utc), 'qxmyfwmskycsqnz8sexh2h502p2iy46l'); alias=default
(2.750) SELECT TOP 21 [auth_user].[id], [auth_user].[password], [auth_user].[last_login], [auth_user].[is_superuser], [auth_user].[username], [auth_user].[first_name], [auth_user].[last_name], [auth_user].[email], [auth_user].[is_staff], [auth_user].[is_active], [auth_user].[date_joined] FROM [auth_user] WHERE [auth_user].[id] = 1; args=(1,); alias=default
(4.375) SELECT TOP 10 [django_admin_log].[id], [django_admin_log].[action_time], [django_admin_log].[user_id], [django_admin_log].[content_type_id], [django_admin_log].[object_id], [django_admin_log].[object_repr], [django_admin_log].[action_flag], [django_admin_log].[change_message], [auth_user].[id], [auth_user].[password], [auth_user].[last_login], [auth_user].[is_superuser], [auth_user].[username], [auth_user].[first_name], [auth_user].[last_name], [auth_user].[email], [auth_user].[is_staff], [auth_user].[is_active], [auth_user].[date_joined], [django_content_type].[id], [django_content_type].[app_label], [django_content_type].[model] FROM [django_admin_log] INNER JOIN [auth_user] ON ([django_admin_log].[user_id] = [auth_user].[id]) LEFT OUTER JOIN [django_content_type] ON ([django_admin_log].[content_type_id] = [django_content_type].[id]) WHERE [django_admin_log].[user_id] = 1 ORDER BY [django_admin_log].[action_time] DESC; args=(1,); alias=default
(0.922) SELECT TOP 21 [django_session].[session_key], [django_session].[session_data], [django_session].[expire_date] FROM [django_session] WHERE ([django_session].[expire_date] > 2024-05-18 21:04:25.422447+00:00 AND [django_session].[session_key] = qxmyfwmskycsqnz8sexh2h502p2iy46l); args=(datetime.datetime(2024, 5, 18, 21, 4, 25, 422447, tzinfo=datetime.timezone.utc), 'qxmyfwmskycsqnz8sexh2h502p2iy46l'); alias=default
(1.953) SELECT TOP 21 [auth_user].[id], [auth_user].[password], [auth_user].[last_login], [auth_user].[is_superuser], [auth_user].[username], [auth_user].[first_name], [auth_user].[last_name], [auth_user].[email], [auth_user].[is_staff], [auth_user].[is_active], [auth_user].[date_joined] FROM [auth_user] WHERE [auth_user].[id] = 1; args=(1,); alias=default
(0.125) BEGIN; args=None; alias=default
(2.062) SELECT TOP 21 [voters].[Firstname], [voters].[Lastname], [voters].[Other_Name], [voters].[Form], [voters].[Index_Number], [voters].[Token] FROM [voters] WHERE [voters].[Index_Number] = 1693505234; args=('1693505234',); alias=default
(1.110) SELECT TOP 21 [django_content_type].[id], [django_content_type].[app_label], [django_content_type].[model] FROM [django_content_type] WHERE ([django_content_type].[app_label] = election AND [django_content_type].[model] = voters); args=('election', 'voters'); alias=default
(0.062) COMMIT; args=None; alias=default
(1.047) SELECT TOP 21 [django_session].[session_key], [django_session].[session_data], [django_session].[expire_date] FROM [django_session] WHERE ([django_session].[expire_date] > 2024-05-18 21:04:37.804339+00:00 AND [django_session].[session_key] = qxmyfwmskycsqnz8sexh2h502p2iy46l); args=(datetime.datetime(2024, 5, 18, 21, 4, 37, 804339, tzinfo=datetime.timezone.utc), 'qxmyfwmskycsqnz8sexh2h502p2iy46l'); alias=default
(2.375) SELECT TOP 21 [auth_user].[id], [auth_user].[password], [auth_user].[last_login], [auth_user].[is_superuser], [auth_user].[username], [auth_user].[first_name], [auth_user].[last_name], [auth_user].[email], [auth_user].[is_staff], [auth_user].[is_active], [auth_user].[date_joined] FROM [auth_user] WHERE [auth_user].[id] = 1; args=(1,); alias=default
(0.625) SELECT SYSDATETIME(); args=None; alias=default
(1.140) SELECT TOP 21 [django_session].[session_key], [django_session].[session_data], [django_session].[expire_date] FROM [django_session] WHERE ([django_session].[expire_date] > 2024-05-18 21:04:50.673717+00:00 AND [django_session].[session_key] = qxmyfwmskycsqnz8sexh2h502p2iy46l); args=(datetime.datetime(2024, 5, 18, 21, 4, 50, 673717, tzinfo=datetime.timezone.utc), 'qxmyfwmskycsqnz8sexh2h502p2iy46l'); alias=default
(1.796) SELECT TOP 21 [auth_user].[id], [auth_user].[password], [auth_user].[last_login], [auth_user].[is_superuser], [auth_user].[username], [auth_user].[first_name], [auth_user].[last_name], [auth_user].[email], [auth_user].[is_staff], [auth_user].[is_active], [auth_user].[date_joined] FROM [auth_user] WHERE [auth_user].[id] = 1; args=(1,); alias=default
(0.063) BEGIN; args=None; alias=default
(1.422) SELECT TOP 21 [voters].[Firstname], [voters].[Lastname], [voters].[Other_Name], [voters].[Form], [voters].[Index_Number], [voters].[Token] FROM [voters] WHERE [voters].[Index_Number] = 1693505234; args=('1693505234',); alias=default
(0.109) COMMIT; args=None; alias=default
(4.000) SELECT TOP 21 [django_session].[session_key], [django_session].[session_data], [django_session].[expire_date] FROM [django_session] WHERE ([django_session].[expire_date] > 2024-05-18 21:05:08.239639+00:00 AND [django_session].[session_key] = qxmyfwmskycsqnz8sexh2h502p2iy46l); args=(datetime.datetime(2024, 5, 18, 21, 5, 8, 239639, tzinfo=datetime.timezone.utc), 'qxmyfwmskycsqnz8sexh2h502p2iy46l'); alias=default
(8.609) SELECT TOP 21 [auth_user].[id], [auth_user].[password], [auth_user].[last_login], [auth_user].[is_superuser], [auth_user].[username], [auth_user].[first_name], [auth_user].[last_name], [auth_user].[email], [auth_user].[is_staff], [auth_user].[is_active], [auth_user].[date_joined] FROM [auth_user] WHERE [auth_user].[id] = 1; args=(1,); alias=default
(0.078) BEGIN; args=None; alias=default
(1.594) SELECT TOP 21 [voters].[Firstname], [voters].[Lastname], [voters].[Other_Name], [voters].[Form], [voters].[Index_Number], [voters].[Token] FROM [voters] WHERE [voters].[Index_Number] = 1693505234; args=('1693505234',); alias=default
(1.500) SET NOCOUNT ON INSERT INTO [django_admin_log] ([action_time], [user_id], [content_type_id], [object_id], [object_repr], [action_flag], [change_message]) VALUES (2024-05-18 21:05:29.792354+00:00, 1, 7, 1693505234, Voters object (1693505234), 3, ); SELECT CAST(SCOPE_IDENTITY() AS bigint); args=(datetime.datetime(2024, 5, 18, 21, 5, 29, 792354, tzinfo=datetime.timezone.utc), 1, 7, '1693505234', 'Voters object (1693505234)', 3, ''); alias=default
(1.359) SET NOCOUNT OFF; DELETE FROM [voters] WHERE [voters].[Index_Number] IN (1693505234); args=('1693505234',); alias=default
(0.156) COMMIT; args=None; alias=default
(2.296) SELECT TOP 21 [django_session].[session_key], [django_session].[session_data], [django_session].[expire_date] FROM [django_session] WHERE ([django_session].[expire_date] > 2024-05-18 21:05:35.241157+00:00 AND [django_session].[session_key] = qxmyfwmskycsqnz8sexh2h502p2iy46l); args=(datetime.datetime(2024, 5, 18, 21, 5, 35, 241157, tzinfo=datetime.timezone.utc), 'qxmyfwmskycsqnz8sexh2h502p2iy46l'); alias=default
(4.812) SELECT TOP 21 [auth_user].[id], [auth_user].[password], [auth_user].[last_login], [auth_user].[is_superuser], [auth_user].[username], [auth_user].[first_name], [auth_user].[last_name], [auth_user].[email], [auth_user].[is_staff], [auth_user].[is_active], [auth_user].[date_joined] FROM [auth_user] WHERE [auth_user].[id] = 1; args=(1,); alias=default
(0.656) SELECT COUNT_BIG(*) AS [__count] FROM [voters]; args=(); alias=default
(0.594) SELECT COUNT_BIG(*) AS [__count] FROM [voters]; args=(); alias=default
(2.062) SELECT [voters].[Firstname], [voters].[Lastname], [voters].[Other_Name], [voters].[Form], [voters].[Index_Number], [voters].[Token] FROM [voters] ORDER BY [voters].[Index_Number] DESC OFFSET 0 ROWS; args=(); alias=default
(1.703) SELECT TOP 21 [django_session].[session_key], [django_session].[session_data], [django_session].[expire_date] FROM [django_session] WHERE ([django_session].[expire_date] > 2024-05-18 21:06:01.825251+00:00 AND [django_session].[session_key] = qxmyfwmskycsqnz8sexh2h502p2iy46l); args=(datetime.datetime(2024, 5, 18, 21, 6, 1, 825251, tzinfo=datetime.timezone.utc), 'qxmyfwmskycsqnz8sexh2h502p2iy46l'); alias=default
(3.844) SELECT TOP 21 [auth_user].[id], [auth_user].[password], [auth_user].[last_login], [auth_user].[is_superuser], [auth_user].[username], [auth_user].[first_name], [auth_user].[last_name], [auth_user].[email], [auth_user].[is_staff], [auth_user].[is_active], [auth_user].[date_joined] FROM [auth_user] WHERE [auth_user].[id] = 1; args=(1,); alias=default
(0.750) SELECT SYSDATETIME(); args=None; alias=default
(1.625) SELECT TOP 21 [django_session].[session_key], [django_session].[session_data], [django_session].[expire_date] FROM [django_session] WHERE ([django_session].[expire_date] > 2024-05-18 21:24:38.996175+00:00 AND [django_session].[session_key] = qxmyfwmskycsqnz8sexh2h502p2iy46l); args=(datetime.datetime(2024, 5, 18, 21, 24, 38, 996175, tzinfo=datetime.timezone.utc), 'qxmyfwmskycsqnz8sexh2h502p2iy46l'); alias=default
(3.141) SELECT TOP 21 [auth_user].[id], [auth_user].[password], [auth_user].[last_login], [auth_user].[is_superuser], [auth_user].[username], [auth_user].[first_name], [auth_user].[last_name], [auth_user].[email], [auth_user].[is_staff], [auth_user].[is_active], [auth_user].[date_joined] FROM [auth_user] WHERE [auth_user].[id] = 1; args=(1,); alias=default
(0.610) SELECT COUNT_BIG(*) AS [__count] FROM [voters]; args=(); alias=default
(0.609) SELECT COUNT_BIG(*) AS [__count] FROM [voters]; args=(); alias=default
(2.156) SELECT [voters].[Firstname], [voters].[Lastname], [voters].[Other_Name], [voters].[Form], [voters].[Index_Number], [voters].[Token] FROM [voters] ORDER BY [voters].[Index_Number] DESC OFFSET 0 ROWS; args=(); alias=default
(1.359) SELECT TOP 21 [django_session].[session_key], [django_session].[session_data], [django_session].[expire_date] FROM [django_session] WHERE ([django_session].[expire_date] > 2024-05-18 21:25:02.339392+00:00 AND [django_session].[session_key] = qxmyfwmskycsqnz8sexh2h502p2iy46l); args=(datetime.datetime(2024, 5, 18, 21, 25, 2, 339392, tzinfo=datetime.timezone.utc), 'qxmyfwmskycsqnz8sexh2h502p2iy46l'); alias=default
(2.906) SELECT TOP 21 [auth_user].[id], [auth_user].[password], [auth_user].[last_login], [auth_user].[is_superuser], [auth_user].[username], [auth_user].[first_name], [auth_user].[last_name], [auth_user].[email], [auth_user].[is_staff], [auth_user].[is_active], [auth_user].[date_joined] FROM [auth_user] WHERE [auth_user].[id] = 1; args=(1,); alias=default
(0.687) SELECT SYSDATETIME(); args=None; alias=default
(0.969) SELECT TOP 21 [django_session].[session_key], [django_session].[session_data], [django_session].[expire_date] FROM [django_session] WHERE ([django_session].[expire_date] > 2024-05-18 21:37:07.320746+00:00 AND [django_session].[session_key] = qxmyfwmskycsqnz8sexh2h502p2iy46l); args=(datetime.datetime(2024, 5, 18, 21, 37, 7, 320746, tzinfo=datetime.timezone.utc), 'qxmyfwmskycsqnz8sexh2h502p2iy46l'); alias=default
(1.922) SELECT TOP 21 [auth_user].[id], [auth_user].[password], [auth_user].[last_login], [auth_user].[is_superuser], [auth_user].[username], [auth_user].[first_name], [auth_user].[last_name], [auth_user].[email], [auth_user].[is_staff], [auth_user].[is_active], [auth_user].[date_joined] FROM [auth_user] WHERE [auth_user].[id] = 1; args=(1,); alias=default
(0.063) BEGIN; args=None; alias=default
(1.312) SELECT TOP 21 [voters].[Firstname], [voters].[Lastname], [voters].[Other_Name], [voters].[Form], [voters].[Index_Number], [voters].[Token] FROM [voters] WHERE [voters].[Index_Number] = 1693505234; args=('1693505234',); alias=default
(0.063) COMMIT; args=None; alias=default
(1.187) SELECT TOP 21 [django_session].[session_key], [django_session].[session_data], [django_session].[expire_date] FROM [django_session] WHERE ([django_session].[expire_date] > 2024-05-18 21:37:17.134698+00:00 AND [django_session].[session_key] = qxmyfwmskycsqnz8sexh2h502p2iy46l); args=(datetime.datetime(2024, 5, 18, 21, 37, 17, 134698, tzinfo=datetime.timezone.utc), 'qxmyfwmskycsqnz8sexh2h502p2iy46l'); alias=default
(2.484) SELECT TOP 21 [auth_user].[id], [auth_user].[password], [auth_user].[last_login], [auth_user].[is_superuser], [auth_user].[username], [auth_user].[first_name], [auth_user].[last_name], [auth_user].[email], [auth_user].[is_staff], [auth_user].[is_active], [auth_user].[date_joined] FROM [auth_user] WHERE [auth_user].[id] = 1; args=(1,); alias=default
(4.813) SELECT TOP 10 [django_admin_log].[id], [django_admin_log].[action_time], [django_admin_log].[user_id], [django_admin_log].[content_type_id], [django_admin_log].[object_id], [django_admin_log].[object_repr], [django_admin_log].[action_flag], [django_admin_log].[change_message], [auth_user].[id], [auth_user].[password], [auth_user].[last_login], [auth_user].[is_superuser], [auth_user].[username], [auth_user].[first_name], [auth_user].[last_name], [auth_user].[email], [auth_user].[is_staff], [auth_user].[is_active], [auth_user].[date_joined], [django_content_type].[id], [django_content_type].[app_label], [django_content_type].[model] FROM [django_admin_log] INNER JOIN [auth_user] ON ([django_admin_log].[user_id] = [auth_user].[id]) LEFT OUTER JOIN [django_content_type] ON ([django_admin_log].[content_type_id] = [django_content_type].[id]) WHERE [django_admin_log].[user_id] = 1 ORDER BY [django_admin_log].[action_time] DESC; args=(1,); alias=default
(1.000) SELECT TOP 21 [django_session].[session_key], [django_session].[session_data], [django_session].[expire_date] FROM [django_session] WHERE ([django_session].[expire_date] > 2024-05-18 21:40:21.364078+00:00 AND [django_session].[session_key] = qxmyfwmskycsqnz8sexh2h502p2iy46l); args=(datetime.datetime(2024, 5, 18, 21, 40, 21, 364078, tzinfo=datetime.timezone.utc), 'qxmyfwmskycsqnz8sexh2h502p2iy46l'); alias=default
(1.922) SELECT TOP 21 [auth_user].[id], [auth_user].[password], [auth_user].[last_login], [auth_user].[is_superuser], [auth_user].[username], [auth_user].[first_name], [auth_user].[last_name], [auth_user].[email], [auth_user].[is_staff], [auth_user].[is_active], [auth_user].[date_joined] FROM [auth_user] WHERE [auth_user].[id] = 1; args=(1,); alias=default
(0.047) BEGIN; args=None; alias=default
(0.063) COMMIT; args=None; alias=default
(1.469) SELECT TOP 21 [django_session].[session_key], [django_session].[session_data], [django_session].[expire_date] FROM [django_session] WHERE ([django_session].[expire_date] > 2024-05-18 21:40:28.779945+00:00 AND [django_session].[session_key] = qxmyfwmskycsqnz8sexh2h502p2iy46l); args=(datetime.datetime(2024, 5, 18, 21, 40, 28, 779945, tzinfo=datetime.timezone.utc), 'qxmyfwmskycsqnz8sexh2h502p2iy46l'); alias=default
(2.547) SELECT TOP 21 [auth_user].[id], [auth_user].[password], [auth_user].[last_login], [auth_user].[is_superuser], [auth_user].[username], [auth_user].[first_name], [auth_user].[last_name], [auth_user].[email], [auth_user].[is_staff], [auth_user].[is_active], [auth_user].[date_joined] FROM [auth_user] WHERE [auth_user].[id] = 1; args=(1,); alias=default
(1.328) SELECT TOP 21 [django_session].[session_key], [django_session].[session_data], [django_session].[expire_date] FROM [django_session] WHERE ([django_session].[expire_date] > 2024-05-18 21:41:00.717556+00:00 AND [django_session].[session_key] = qxmyfwmskycsqnz8sexh2h502p2iy46l); args=(datetime.datetime(2024, 5, 18, 21, 41, 0, 717556, tzinfo=datetime.timezone.utc), 'qxmyfwmskycsqnz8sexh2h502p2iy46l'); alias=default
(2.281) SELECT TOP 21 [auth_user].[id], [auth_user].[password], [auth_user].[last_login], [auth_user].[is_superuser], [auth_user].[username], [auth_user].[first_name], [auth_user].[last_name], [auth_user].[email], [auth_user].[is_staff], [auth_user].[is_active], [auth_user].[date_joined] FROM [auth_user] WHERE [auth_user].[id] = 1; args=(1,); alias=default
(0.062) BEGIN; args=None; alias=default
(0.750) SELECT TOP 1 1 AS [a] FROM [voters] WHERE [voters].[Index_Number] = 1693505234; args=(1, '1693505234'); alias=default
(0.641) SET NOCOUNT OFF; UPDATE [voters] SET [Firstname] = Vincent, [Lastname] = Manu, [Other_Name] = , [Form] = 2, [Token] =  WHERE [voters].[Index_Number] = 1693505234; args=('Vincent', 'Manu', '', 2, '', '1693505234'); alias=default
(0.797) INSERT INTO [voters] ([Firstname], [Lastname], [Other_Name], [Form], [Index_Number], [Token]) VALUES (Vincent, Manu, , 2, 1693505234, ); args=('Vincent', 'Manu', '', 2, '1693505234', ''); alias=default
(1.156) SET NOCOUNT ON INSERT INTO [django_admin_log] ([action_time], [user_id], [content_type_id], [object_id], [object_repr], [action_flag], [change_message]) VALUES (2024-05-18 21:41:11.883828+00:00, 1, 7, 1693505234, Voters object (1693505234), 1, [{"added": {}}]); SELECT CAST(SCOPE_IDENTITY() AS bigint); args=(datetime.datetime(2024, 5, 18, 21, 41, 11, 883828, tzinfo=datetime.timezone.utc), 1, 7, '1693505234', 'Voters object (1693505234)', 1, '[{"added": {}}]'); alias=default
(0.078) COMMIT; args=None; alias=default
(1.407) SELECT TOP 21 [django_session].[session_key], [django_session].[session_data], [django_session].[expire_date] FROM [django_session] WHERE ([django_session].[expire_date] > 2024-05-18 21:41:14.923567+00:00 AND [django_session].[session_key] = qxmyfwmskycsqnz8sexh2h502p2iy46l); args=(datetime.datetime(2024, 5, 18, 21, 41, 14, 923567, tzinfo=datetime.timezone.utc), 'qxmyfwmskycsqnz8sexh2h502p2iy46l'); alias=default
(2.719) SELECT TOP 21 [auth_user].[id], [auth_user].[password], [auth_user].[last_login], [auth_user].[is_superuser], [auth_user].[username], [auth_user].[first_name], [auth_user].[last_name], [auth_user].[email], [auth_user].[is_staff], [auth_user].[is_active], [auth_user].[date_joined] FROM [auth_user] WHERE [auth_user].[id] = 1; args=(1,); alias=default
(0.781) SELECT COUNT_BIG(*) AS [__count] FROM [voters]; args=(); alias=default
(0.391) SELECT COUNT_BIG(*) AS [__count] FROM [voters]; args=(); alias=default
(1.407) SELECT [voters].[Firstname], [voters].[Lastname], [voters].[Other_Name], [voters].[Form], [voters].[Index_Number], [voters].[Token] FROM [voters] ORDER BY [voters].[Index_Number] DESC OFFSET 0 ROWS; args=(); alias=default
(1.204) SELECT TOP 21 [django_session].[session_key], [django_session].[session_data], [django_session].[expire_date] FROM [django_session] WHERE ([django_session].[expire_date] > 2024-05-18 21:41:34.330524+00:00 AND [django_session].[session_key] = qxmyfwmskycsqnz8sexh2h502p2iy46l); args=(datetime.datetime(2024, 5, 18, 21, 41, 34, 330524, tzinfo=datetime.timezone.utc), 'qxmyfwmskycsqnz8sexh2h502p2iy46l'); alias=default
(2.063) SELECT TOP 21 [auth_user].[id], [auth_user].[password], [auth_user].[last_login], [auth_user].[is_superuser], [auth_user].[username], [auth_user].[first_name], [auth_user].[last_name], [auth_user].[email], [auth_user].[is_staff], [auth_user].[is_active], [auth_user].[date_joined] FROM [auth_user] WHERE [auth_user].[id] = 1; args=(1,); alias=default
(0.641) SELECT CAST(SERVERPROPERTY('ProductVersion') AS varchar); args=None; alias=default
(0.594) SELECT SYSDATETIME(); args=None; alias=default
(1.735) SELECT
                        TABLE_NAME,
                        TABLE_TYPE,
                        CAST(ep.value AS VARCHAR) AS COMMENT
                    FROM INFORMATION_SCHEMA.TABLES i
                    LEFT JOIN sys.tables t ON t.name = i.TABLE_NAME
                    LEFT JOIN sys.extended_properties ep ON t.object_id = ep.major_id
                    AND ((ep.name = 'MS_DESCRIPTION' AND ep.minor_id = 0) OR ep.value IS NULL)
                    WHERE i.TABLE_SCHEMA = SCHEMA_NAME(); args=None; alias=default
(1.562) SELECT [django_migrations].[id], [django_migrations].[app], [django_migrations].[name], [django_migrations].[applied] FROM [django_migrations]; args=(); alias=default
(0.703) SELECT CAST(SERVERPROPERTY('ProductVersion') AS varchar); args=None; alias=default
(0.907) SELECT SYSDATETIME(); args=None; alias=default
(1.266) SELECT
                        TABLE_NAME,
                        TABLE_TYPE,
                        CAST(ep.value AS VARCHAR) AS COMMENT
                    FROM INFORMATION_SCHEMA.TABLES i
                    LEFT JOIN sys.tables t ON t.name = i.TABLE_NAME
                    LEFT JOIN sys.extended_properties ep ON t.object_id = ep.major_id
                    AND ((ep.name = 'MS_DESCRIPTION' AND ep.minor_id = 0) OR ep.value IS NULL)
                    WHERE i.TABLE_SCHEMA = SCHEMA_NAME(); args=None; alias=default
(0.750) SELECT [django_migrations].[id], [django_migrations].[app], [django_migrations].[name], [django_migrations].[applied] FROM [django_migrations]; args=(); alias=default
(0.328) SELECT CAST(SERVERPROPERTY('ProductVersion') AS varchar); args=None; alias=default
(0.453) SELECT SYSDATETIME(); args=None; alias=default
(0.625) SELECT
                        TABLE_NAME,
                        TABLE_TYPE,
                        CAST(ep.value AS VARCHAR) AS COMMENT
                    FROM INFORMATION_SCHEMA.TABLES i
                    LEFT JOIN sys.tables t ON t.name = i.TABLE_NAME
                    LEFT JOIN sys.extended_properties ep ON t.object_id = ep.major_id
                    AND ((ep.name = 'MS_DESCRIPTION' AND ep.minor_id = 0) OR ep.value IS NULL)
                    WHERE i.TABLE_SCHEMA = SCHEMA_NAME(); args=None; alias=default
(0.578) SELECT [django_migrations].[id], [django_migrations].[app], [django_migrations].[name], [django_migrations].[applied] FROM [django_migrations]; args=(); alias=default
(1.062) SELECT
                        TABLE_NAME,
                        TABLE_TYPE,
                        CAST(ep.value AS VARCHAR) AS COMMENT
                    FROM INFORMATION_SCHEMA.TABLES i
                    LEFT JOIN sys.tables t ON t.name = i.TABLE_NAME
                    LEFT JOIN sys.extended_properties ep ON t.object_id = ep.major_id
                    AND ((ep.name = 'MS_DESCRIPTION' AND ep.minor_id = 0) OR ep.value IS NULL)
                    WHERE i.TABLE_SCHEMA = SCHEMA_NAME(); args=None; alias=default
(1.141) SELECT [django_migrations].[id], [django_migrations].[app], [django_migrations].[name], [django_migrations].[applied] FROM [django_migrations]; args=(); alias=default
(1.500) SELECT
                        TABLE_NAME,
                        TABLE_TYPE,
                        CAST(ep.value AS VARCHAR) AS COMMENT
                    FROM INFORMATION_SCHEMA.TABLES i
                    LEFT JOIN sys.tables t ON t.name = i.TABLE_NAME
                    LEFT JOIN sys.extended_properties ep ON t.object_id = ep.major_id
                    AND ((ep.name = 'MS_DESCRIPTION' AND ep.minor_id = 0) OR ep.value IS NULL)
                    WHERE i.TABLE_SCHEMA = SCHEMA_NAME(); args=None; alias=default
(1.110) SELECT [django_migrations].[id], [django_migrations].[app], [django_migrations].[name], [django_migrations].[applied] FROM [django_migrations]; args=(); alias=default
(1.391) SELECT [django_content_type].[id], [django_content_type].[app_label], [django_content_type].[model] FROM [django_content_type] WHERE [django_content_type].[app_label] = admin; args=('admin',); alias=default
(1.000) SELECT TOP 21 [django_content_type].[id], [django_content_type].[app_label], [django_content_type].[model] FROM [django_content_type] WHERE ([django_content_type].[app_label] = admin AND [django_content_type].[model] = logentry); args=('admin', 'logentry'); alias=default
(0.891) SELECT [auth_permission].[content_type_id], [auth_permission].[codename] FROM [auth_permission] INNER JOIN [django_content_type] ON ([auth_permission].[content_type_id] = [django_content_type].[id]) WHERE [auth_permission].[content_type_id] IN (1) ORDER BY [django_content_type].[app_label] ASC, [django_content_type].[model] ASC, [auth_permission].[codename] ASC OFFSET 0 ROWS; args=(1,); alias=default
(0.828) SELECT [django_content_type].[id], [django_content_type].[app_label], [django_content_type].[model] FROM [django_content_type] WHERE [django_content_type].[app_label] = admin; args=('admin',); alias=default
(0.860) SELECT [django_content_type].[id], [django_content_type].[app_label], [django_content_type].[model] FROM [django_content_type] WHERE [django_content_type].[app_label] = auth; args=('auth',); alias=default
(1.015) SELECT TOP 21 [django_content_type].[id], [django_content_type].[app_label], [django_content_type].[model] FROM [django_content_type] WHERE ([django_content_type].[app_label] = auth AND [django_content_type].[model] = permission); args=('auth', 'permission'); alias=default
(1.547) SELECT TOP 21 [django_content_type].[id], [django_content_type].[app_label], [django_content_type].[model] FROM [django_content_type] WHERE ([django_content_type].[app_label] = auth AND [django_content_type].[model] = group); args=('auth', 'group'); alias=default
(1.296) SELECT TOP 21 [django_content_type].[id], [django_content_type].[app_label], [django_content_type].[model] FROM [django_content_type] WHERE ([django_content_type].[app_label] = auth AND [django_content_type].[model] = user); args=('auth', 'user'); alias=default
(1.281) SELECT [auth_permission].[content_type_id], [auth_permission].[codename] FROM [auth_permission] INNER JOIN [django_content_type] ON ([auth_permission].[content_type_id] = [django_content_type].[id]) WHERE [auth_permission].[content_type_id] IN (2, 3, 4) ORDER BY [django_content_type].[app_label] ASC, [django_content_type].[model] ASC, [auth_permission].[codename] ASC OFFSET 0 ROWS; args=(2, 3, 4); alias=default
(1.281) SELECT [django_content_type].[id], [django_content_type].[app_label], [django_content_type].[model] FROM [django_content_type] WHERE [django_content_type].[app_label] = auth; args=('auth',); alias=default
(1.156) SELECT [django_content_type].[id], [django_content_type].[app_label], [django_content_type].[model] FROM [django_content_type] WHERE [django_content_type].[app_label] = contenttypes; args=('contenttypes',); alias=default
(1.406) SELECT TOP 21 [django_content_type].[id], [django_content_type].[app_label], [django_content_type].[model] FROM [django_content_type] WHERE ([django_content_type].[app_label] = contenttypes AND [django_content_type].[model] = contenttype); args=('contenttypes', 'contenttype'); alias=default
(1.313) SELECT [auth_permission].[content_type_id], [auth_permission].[codename] FROM [auth_permission] INNER JOIN [django_content_type] ON ([auth_permission].[content_type_id] = [django_content_type].[id]) WHERE [auth_permission].[content_type_id] IN (5) ORDER BY [django_content_type].[app_label] ASC, [django_content_type].[model] ASC, [auth_permission].[codename] ASC OFFSET 0 ROWS; args=(5,); alias=default
(1.203) SELECT [django_content_type].[id], [django_content_type].[app_label], [django_content_type].[model] FROM [django_content_type] WHERE [django_content_type].[app_label] = contenttypes; args=('contenttypes',); alias=default
(1.360) SELECT [django_content_type].[id], [django_content_type].[app_label], [django_content_type].[model] FROM [django_content_type] WHERE [django_content_type].[app_label] = sessions; args=('sessions',); alias=default
(1.875) SELECT TOP 21 [django_content_type].[id], [django_content_type].[app_label], [django_content_type].[model] FROM [django_content_type] WHERE ([django_content_type].[app_label] = sessions AND [django_content_type].[model] = session); args=('sessions', 'session'); alias=default
(1.079) SELECT [auth_permission].[content_type_id], [auth_permission].[codename] FROM [auth_permission] INNER JOIN [django_content_type] ON ([auth_permission].[content_type_id] = [django_content_type].[id]) WHERE [auth_permission].[content_type_id] IN (6) ORDER BY [django_content_type].[app_label] ASC, [django_content_type].[model] ASC, [auth_permission].[codename] ASC OFFSET 0 ROWS; args=(6,); alias=default
(1.265) SELECT [django_content_type].[id], [django_content_type].[app_label], [django_content_type].[model] FROM [django_content_type] WHERE [django_content_type].[app_label] = sessions; args=('sessions',); alias=default
(1.500) SELECT [django_content_type].[id], [django_content_type].[app_label], [django_content_type].[model] FROM [django_content_type] WHERE [django_content_type].[app_label] = election; args=('election',); alias=default
(1.797) SELECT TOP 21 [django_content_type].[id], [django_content_type].[app_label], [django_content_type].[model] FROM [django_content_type] WHERE ([django_content_type].[app_label] = election AND [django_content_type].[model] = voters); args=('election', 'voters'); alias=default
(1.156) SELECT [auth_permission].[content_type_id], [auth_permission].[codename] FROM [auth_permission] INNER JOIN [django_content_type] ON ([auth_permission].[content_type_id] = [django_content_type].[id]) WHERE [auth_permission].[content_type_id] IN (7) ORDER BY [django_content_type].[app_label] ASC, [django_content_type].[model] ASC, [auth_permission].[codename] ASC OFFSET 0 ROWS; args=(7,); alias=default
(1.344) SELECT [django_content_type].[id], [django_content_type].[app_label], [django_content_type].[model] FROM [django_content_type] WHERE [django_content_type].[app_label] = election; args=('election',); alias=default
(0.297) SELECT CAST(SERVERPROPERTY('ProductVersion') AS varchar); args=None; alias=default
(0.297) SELECT SYSDATETIME(); args=None; alias=default
(0.906) SELECT
                        TABLE_NAME,
                        TABLE_TYPE,
                        CAST(ep.value AS VARCHAR) AS COMMENT
                    FROM INFORMATION_SCHEMA.TABLES i
                    LEFT JOIN sys.tables t ON t.name = i.TABLE_NAME
                    LEFT JOIN sys.extended_properties ep ON t.object_id = ep.major_id
                    AND ((ep.name = 'MS_DESCRIPTION' AND ep.minor_id = 0) OR ep.value IS NULL)
                    WHERE i.TABLE_SCHEMA = SCHEMA_NAME(); args=None; alias=default
(0.875) SELECT [django_migrations].[id], [django_migrations].[app], [django_migrations].[name], [django_migrations].[applied] FROM [django_migrations]; args=(); alias=default
(0.437) SELECT SYSDATETIME(); args=None; alias=default
(1.953) SELECT TOP 21 [django_session].[session_key], [django_session].[session_data], [django_session].[expire_date] FROM [django_session] WHERE ([django_session].[expire_date] > 2024-05-18 22:37:50.024037+00:00 AND [django_session].[session_key] = qxmyfwmskycsqnz8sexh2h502p2iy46l); args=(datetime.datetime(2024, 5, 18, 22, 37, 50, 24037, tzinfo=datetime.timezone.utc), 'qxmyfwmskycsqnz8sexh2h502p2iy46l'); alias=default
(2.704) SELECT TOP 21 [auth_user].[id], [auth_user].[password], [auth_user].[last_login], [auth_user].[is_superuser], [auth_user].[username], [auth_user].[first_name], [auth_user].[last_name], [auth_user].[email], [auth_user].[is_staff], [auth_user].[is_active], [auth_user].[date_joined] FROM [auth_user] WHERE [auth_user].[id] = 1; args=(1,); alias=default
(5.422) SELECT TOP 10 [django_admin_log].[id], [django_admin_log].[action_time], [django_admin_log].[user_id], [django_admin_log].[content_type_id], [django_admin_log].[object_id], [django_admin_log].[object_repr], [django_admin_log].[action_flag], [django_admin_log].[change_message], [auth_user].[id], [auth_user].[password], [auth_user].[last_login], [auth_user].[is_superuser], [auth_user].[username], [auth_user].[first_name], [auth_user].[last_name], [auth_user].[email], [auth_user].[is_staff], [auth_user].[is_active], [auth_user].[date_joined], [django_content_type].[id], [django_content_type].[app_label], [django_content_type].[model] FROM [django_admin_log] INNER JOIN [auth_user] ON ([django_admin_log].[user_id] = [auth_user].[id]) LEFT OUTER JOIN [django_content_type] ON ([django_admin_log].[content_type_id] = [django_content_type].[id]) WHERE [django_admin_log].[user_id] = 1 ORDER BY [django_admin_log].[action_time] DESC; args=(1,); alias=default
(0.610) SELECT SYSDATETIME(); args=None; alias=default
(1.375) SELECT TOP 21 [django_session].[session_key], [django_session].[session_data], [django_session].[expire_date] FROM [django_session] WHERE ([django_session].[expire_date] > 2024-05-18 22:38:22.657909+00:00 AND [django_session].[session_key] = qxmyfwmskycsqnz8sexh2h502p2iy46l); args=(datetime.datetime(2024, 5, 18, 22, 38, 22, 657909, tzinfo=datetime.timezone.utc), 'qxmyfwmskycsqnz8sexh2h502p2iy46l'); alias=default
(2.969) SELECT TOP 21 [auth_user].[id], [auth_user].[password], [auth_user].[last_login], [auth_user].[is_superuser], [auth_user].[username], [auth_user].[first_name], [auth_user].[last_name], [auth_user].[email], [auth_user].[is_staff], [auth_user].[is_active], [auth_user].[date_joined] FROM [auth_user] WHERE [auth_user].[id] = 1; args=(1,); alias=default
(0.188) BEGIN; args=None; alias=default
(2.047) SELECT TOP 21 [voters].[Firstname], [voters].[Lastname], [voters].[Other_Name], [voters].[Form], [voters].[Index_Number], [voters].[Token] FROM [voters] WHERE [voters].[Index_Number] = 1693505234; args=('1693505234',); alias=default
(1.094) SELECT TOP 21 [django_content_type].[id], [django_content_type].[app_label], [django_content_type].[model] FROM [django_content_type] WHERE ([django_content_type].[app_label] = election AND [django_content_type].[model] = voters); args=('election', 'voters'); alias=default
(0.062) COMMIT; args=None; alias=default
(0.984) SELECT TOP 21 [django_session].[session_key], [django_session].[session_data], [django_session].[expire_date] FROM [django_session] WHERE ([django_session].[expire_date] > 2024-05-18 22:38:40.540850+00:00 AND [django_session].[session_key] = qxmyfwmskycsqnz8sexh2h502p2iy46l); args=(datetime.datetime(2024, 5, 18, 22, 38, 40, 540850, tzinfo=datetime.timezone.utc), 'qxmyfwmskycsqnz8sexh2h502p2iy46l'); alias=default
(2.031) SELECT TOP 21 [auth_user].[id], [auth_user].[password], [auth_user].[last_login], [auth_user].[is_superuser], [auth_user].[username], [auth_user].[first_name], [auth_user].[last_name], [auth_user].[email], [auth_user].[is_staff], [auth_user].[is_active], [auth_user].[date_joined] FROM [auth_user] WHERE [auth_user].[id] = 1; args=(1,); alias=default
(1.266) SELECT TOP 21 [django_session].[session_key], [django_session].[session_data], [django_session].[expire_date] FROM [django_session] WHERE ([django_session].[expire_date] > 2024-05-18 22:39:03.619224+00:00 AND [django_session].[session_key] = qxmyfwmskycsqnz8sexh2h502p2iy46l); args=(datetime.datetime(2024, 5, 18, 22, 39, 3, 619224, tzinfo=datetime.timezone.utc), 'qxmyfwmskycsqnz8sexh2h502p2iy46l'); alias=default
(2.282) SELECT TOP 21 [auth_user].[id], [auth_user].[password], [auth_user].[last_login], [auth_user].[is_superuser], [auth_user].[username], [auth_user].[first_name], [auth_user].[last_name], [auth_user].[email], [auth_user].[is_staff], [auth_user].[is_active], [auth_user].[date_joined] FROM [auth_user] WHERE [auth_user].[id] = 1; args=(1,); alias=default
(0.047) BEGIN; args=None; alias=default
(1.250) SELECT TOP 21 [voters].[Firstname], [voters].[Lastname], [voters].[Other_Name], [voters].[Form], [voters].[Index_Number], [voters].[Token] FROM [voters] WHERE [voters].[Index_Number] = 1693505234; args=('1693505234',); alias=default
(0.062) COMMIT; args=None; alias=default
(0.578) SELECT SYSDATETIME(); args=None; alias=default
(1.312) SELECT TOP 21 [django_session].[session_key], [django_session].[session_data], [django_session].[expire_date] FROM [django_session] WHERE ([django_session].[expire_date] > 2024-05-18 22:39:20.530240+00:00 AND [django_session].[session_key] = qxmyfwmskycsqnz8sexh2h502p2iy46l); args=(datetime.datetime(2024, 5, 18, 22, 39, 20, 530240, tzinfo=datetime.timezone.utc), 'qxmyfwmskycsqnz8sexh2h502p2iy46l'); alias=default
(2.938) SELECT TOP 21 [auth_user].[id], [auth_user].[password], [auth_user].[last_login], [auth_user].[is_superuser], [auth_user].[username], [auth_user].[first_name], [auth_user].[last_name], [auth_user].[email], [auth_user].[is_staff], [auth_user].[is_active], [auth_user].[date_joined] FROM [auth_user] WHERE [auth_user].[id] = 1; args=(1,); alias=default
(0.110) BEGIN; args=None; alias=default
(2.078) SELECT TOP 21 [voters].[Firstname], [voters].[Lastname], [voters].[Other_Name], [voters].[Form], [voters].[Index_Number], [voters].[Token] FROM [voters] WHERE [voters].[Index_Number] = 1693505234; args=('1693505234',); alias=default
(1.688) SET NOCOUNT ON INSERT INTO [django_admin_log] ([action_time], [user_id], [content_type_id], [object_id], [object_repr], [action_flag], [change_message]) VALUES (2024-05-18 22:39:34.144600+00:00, 1, 7, 1693505234, Voters object (1693505234), 3, ); SELECT CAST(SCOPE_IDENTITY() AS bigint); args=(datetime.datetime(2024, 5, 18, 22, 39, 34, 144600, tzinfo=datetime.timezone.utc), 1, 7, '1693505234', 'Voters object (1693505234)', 3, ''); alias=default
(0.875) SET NOCOUNT OFF; DELETE FROM [voters] WHERE [voters].[Index_Number] IN (1693505234); args=('1693505234',); alias=default
(0.140) COMMIT; args=None; alias=default
(1.563) SELECT TOP 21 [django_session].[session_key], [django_session].[session_data], [django_session].[expire_date] FROM [django_session] WHERE ([django_session].[expire_date] > 2024-05-18 22:39:39.237523+00:00 AND [django_session].[session_key] = qxmyfwmskycsqnz8sexh2h502p2iy46l); args=(datetime.datetime(2024, 5, 18, 22, 39, 39, 237523, tzinfo=datetime.timezone.utc), 'qxmyfwmskycsqnz8sexh2h502p2iy46l'); alias=default
(3.219) SELECT TOP 21 [auth_user].[id], [auth_user].[password], [auth_user].[last_login], [auth_user].[is_superuser], [auth_user].[username], [auth_user].[first_name], [auth_user].[last_name], [auth_user].[email], [auth_user].[is_staff], [auth_user].[is_active], [auth_user].[date_joined] FROM [auth_user] WHERE [auth_user].[id] = 1; args=(1,); alias=default
(0.516) SELECT COUNT_BIG(*) AS [__count] FROM [voters]; args=(); alias=default
(0.516) SELECT COUNT_BIG(*) AS [__count] FROM [voters]; args=(); alias=default
(1.515) SELECT [voters].[Firstname], [voters].[Lastname], [voters].[Other_Name], [voters].[Form], [voters].[Index_Number], [voters].[Token] FROM [voters] ORDER BY [voters].[Index_Number] DESC OFFSET 0 ROWS; args=(); alias=default
(1.328) SELECT TOP 21 [django_session].[session_key], [django_session].[session_data], [django_session].[expire_date] FROM [django_session] WHERE ([django_session].[expire_date] > 2024-05-18 22:39:59.706941+00:00 AND [django_session].[session_key] = qxmyfwmskycsqnz8sexh2h502p2iy46l); args=(datetime.datetime(2024, 5, 18, 22, 39, 59, 706941, tzinfo=datetime.timezone.utc), 'qxmyfwmskycsqnz8sexh2h502p2iy46l'); alias=default
(1.968) SELECT TOP 21 [auth_user].[id], [auth_user].[password], [auth_user].[last_login], [auth_user].[is_superuser], [auth_user].[username], [auth_user].[first_name], [auth_user].[last_name], [auth_user].[email], [auth_user].[is_staff], [auth_user].[is_active], [auth_user].[date_joined] FROM [auth_user] WHERE [auth_user].[id] = 1; args=(1,); alias=default
(0.875) SELECT TOP 21 [django_session].[session_key], [django_session].[session_data], [django_session].[expire_date] FROM [django_session] WHERE ([django_session].[expire_date] > 2024-05-18 22:40:20.589912+00:00 AND [django_session].[session_key] = qxmyfwmskycsqnz8sexh2h502p2iy46l); args=(datetime.datetime(2024, 5, 18, 22, 40, 20, 589912, tzinfo=datetime.timezone.utc), 'qxmyfwmskycsqnz8sexh2h502p2iy46l'); alias=default
(1.719) SELECT TOP 21 [auth_user].[id], [auth_user].[password], [auth_user].[last_login], [auth_user].[is_superuser], [auth_user].[username], [auth_user].[first_name], [auth_user].[last_name], [auth_user].[email], [auth_user].[is_staff], [auth_user].[is_active], [auth_user].[date_joined] FROM [auth_user] WHERE [auth_user].[id] = 1; args=(1,); alias=default
(0.046) BEGIN; args=None; alias=default
(1.625) SELECT TOP 21 [voters].[Firstname], [voters].[Lastname], [voters].[Other_Name], [voters].[Form], [voters].[Index_Number], [voters].[Token] FROM [voters] WHERE [voters].[Index_Number] = 1693505234; args=('1693505234',); alias=default
(0.141) COMMIT; args=None; alias=default
(2.250) SELECT TOP 21 [django_session].[session_key], [django_session].[session_data], [django_session].[expire_date] FROM [django_session] WHERE ([django_session].[expire_date] > 2024-05-18 22:40:28.297768+00:00 AND [django_session].[session_key] = qxmyfwmskycsqnz8sexh2h502p2iy46l); args=(datetime.datetime(2024, 5, 18, 22, 40, 28, 297768, tzinfo=datetime.timezone.utc), 'qxmyfwmskycsqnz8sexh2h502p2iy46l'); alias=default
(2.078) SELECT TOP 21 [django_session].[session_key], [django_session].[session_data], [django_session].[expire_date] FROM [django_session] WHERE ([django_session].[expire_date] > 2024-05-18 22:40:30.940187+00:00 AND [django_session].[session_key] = qxmyfwmskycsqnz8sexh2h502p2iy46l); args=(datetime.datetime(2024, 5, 18, 22, 40, 30, 940187, tzinfo=datetime.timezone.utc), 'qxmyfwmskycsqnz8sexh2h502p2iy46l'); alias=default
(4.031) SELECT TOP 21 [auth_user].[id], [auth_user].[password], [auth_user].[last_login], [auth_user].[is_superuser], [auth_user].[username], [auth_user].[first_name], [auth_user].[last_name], [auth_user].[email], [auth_user].[is_staff], [auth_user].[is_active], [auth_user].[date_joined] FROM [auth_user] WHERE [auth_user].[id] = 1; args=(1,); alias=default
(3.875) SELECT TOP 21 [auth_user].[id], [auth_user].[password], [auth_user].[last_login], [auth_user].[is_superuser], [auth_user].[username], [auth_user].[first_name], [auth_user].[last_name], [auth_user].[email], [auth_user].[is_staff], [auth_user].[is_active], [auth_user].[date_joined] FROM [auth_user] WHERE [auth_user].[id] = 1; args=(1,); alias=default
(0.875) SELECT COUNT_BIG(*) AS [__count] FROM [voters]; args=(); alias=default
(1.156) SELECT COUNT_BIG(*) AS [__count] FROM [voters]; args=(); alias=default
(3.125) SELECT [voters].[Firstname], [voters].[Lastname], [voters].[Other_Name], [voters].[Form], [voters].[Index_Number], [voters].[Token] FROM [voters] ORDER BY [voters].[Index_Number] DESC OFFSET 0 ROWS; args=(); alias=default
(9.703) SELECT TOP 10 [django_admin_log].[id], [django_admin_log].[action_time], [django_admin_log].[user_id], [django_admin_log].[content_type_id], [django_admin_log].[object_id], [django_admin_log].[object_repr], [django_admin_log].[action_flag], [django_admin_log].[change_message], [auth_user].[id], [auth_user].[password], [auth_user].[last_login], [auth_user].[is_superuser], [auth_user].[username], [auth_user].[first_name], [auth_user].[last_name], [auth_user].[email], [auth_user].[is_staff], [auth_user].[is_active], [auth_user].[date_joined], [django_content_type].[id], [django_content_type].[app_label], [django_content_type].[model] FROM [django_admin_log] INNER JOIN [auth_user] ON ([django_admin_log].[user_id] = [auth_user].[id]) LEFT OUTER JOIN [django_content_type] ON ([django_admin_log].[content_type_id] = [django_content_type].[id]) WHERE [django_admin_log].[user_id] = 1 ORDER BY [django_admin_log].[action_time] DESC; args=(1,); alias=default
(2.031) SELECT TOP 21 [django_session].[session_key], [django_session].[session_data], [django_session].[expire_date] FROM [django_session] WHERE ([django_session].[expire_date] > 2024-05-18 22:40:59.667526+00:00 AND [django_session].[session_key] = qxmyfwmskycsqnz8sexh2h502p2iy46l); args=(datetime.datetime(2024, 5, 18, 22, 40, 59, 667526, tzinfo=datetime.timezone.utc), 'qxmyfwmskycsqnz8sexh2h502p2iy46l'); alias=default
(3.360) SELECT TOP 21 [auth_user].[id], [auth_user].[password], [auth_user].[last_login], [auth_user].[is_superuser], [auth_user].[username], [auth_user].[first_name], [auth_user].[last_name], [auth_user].[email], [auth_user].[is_staff], [auth_user].[is_active], [auth_user].[date_joined] FROM [auth_user] WHERE [auth_user].[id] = 1; args=(1,); alias=default
(0.344) SELECT SYSDATETIME(); args=None; alias=default
(0.953) SELECT TOP 21 [django_session].[session_key], [django_session].[session_data], [django_session].[expire_date] FROM [django_session] WHERE ([django_session].[expire_date] > 2024-05-18 22:41:24.938450+00:00 AND [django_session].[session_key] = qxmyfwmskycsqnz8sexh2h502p2iy46l); args=(datetime.datetime(2024, 5, 18, 22, 41, 24, 938450, tzinfo=datetime.timezone.utc), 'qxmyfwmskycsqnz8sexh2h502p2iy46l'); alias=default
(1.922) SELECT TOP 21 [auth_user].[id], [auth_user].[password], [auth_user].[last_login], [auth_user].[is_superuser], [auth_user].[username], [auth_user].[first_name], [auth_user].[last_name], [auth_user].[email], [auth_user].[is_staff], [auth_user].[is_active], [auth_user].[date_joined] FROM [auth_user] WHERE [auth_user].[id] = 1; args=(1,); alias=default
(0.156) BEGIN; args=None; alias=default
(0.047) COMMIT; args=None; alias=default
(0.891) SELECT TOP 21 [django_session].[session_key], [django_session].[session_data], [django_session].[expire_date] FROM [django_session] WHERE ([django_session].[expire_date] > 2024-05-18 22:41:32.930272+00:00 AND [django_session].[session_key] = qxmyfwmskycsqnz8sexh2h502p2iy46l); args=(datetime.datetime(2024, 5, 18, 22, 41, 32, 930272, tzinfo=datetime.timezone.utc), 'qxmyfwmskycsqnz8sexh2h502p2iy46l'); alias=default
(2.297) SELECT TOP 21 [auth_user].[id], [auth_user].[password], [auth_user].[last_login], [auth_user].[is_superuser], [auth_user].[username], [auth_user].[first_name], [auth_user].[last_name], [auth_user].[email], [auth_user].[is_staff], [auth_user].[is_active], [auth_user].[date_joined] FROM [auth_user] WHERE [auth_user].[id] = 1; args=(1,); alias=default
(0.906) SELECT TOP 21 [django_session].[session_key], [django_session].[session_data], [django_session].[expire_date] FROM [django_session] WHERE ([django_session].[expire_date] > 2024-05-18 22:41:57.724312+00:00 AND [django_session].[session_key] = qxmyfwmskycsqnz8sexh2h502p2iy46l); args=(datetime.datetime(2024, 5, 18, 22, 41, 57, 724312, tzinfo=datetime.timezone.utc), 'qxmyfwmskycsqnz8sexh2h502p2iy46l'); alias=default
(1.906) SELECT TOP 21 [auth_user].[id], [auth_user].[password], [auth_user].[last_login], [auth_user].[is_superuser], [auth_user].[username], [auth_user].[first_name], [auth_user].[last_name], [auth_user].[email], [auth_user].[is_staff], [auth_user].[is_active], [auth_user].[date_joined] FROM [auth_user] WHERE [auth_user].[id] = 1; args=(1,); alias=default
(0.094) BEGIN; args=None; alias=default
(0.782) SELECT TOP 1 1 AS [a] FROM [voters] WHERE [voters].[Index_Number] = 1693505234; args=(1, '1693505234'); alias=default
(0.954) SET NOCOUNT OFF; UPDATE [voters] SET [Firstname] = Vincent, [Lastname] = Manu, [Other_Name] = , [Form] = 2, [Token] =  WHERE [voters].[Index_Number] = 1693505234; args=('Vincent', 'Manu', '', 2, '', '1693505234'); alias=default
(1.047) INSERT INTO [voters] ([Firstname], [Lastname], [Other_Name], [Form], [Index_Number], [Token]) VALUES (Vincent, Manu, , 2, 1693505234, ); args=('Vincent', 'Manu', '', 2, '1693505234', ''); alias=default
(0.282) ROLLBACK; args=None; alias=default
